<?xml version="1.0" encoding="UTF-8"?>
<testsuite name="com.jalasoft.project.model.builder.CompanyBuilderTest" tests="2" skipped="0" failures="0" errors="0" timestamp="2020-08-21T19:49:49" hostname="dev-xime" time="0.024">
  <properties/>
  <testcase name="withDetails" classname="com.jalasoft.project.model.builder.CompanyBuilderTest" time="0.019"/>
  <testcase name="withContact" classname="com.jalasoft.project.model.builder.CompanyBuilderTest" time="0.0"/>
  <system-out><![CDATA[]]></system-out>
  <system-err><![CDATA[]]></system-err>
</testsuite>
